[run_on_queue] BIN=omp_reduction_kmeans
[run_on_queue] OMP_NUM_THREADS=64
[run_on_queue] GOMP_CPU_AFFINITY=0 1 2 3 4 5 6 7 8 9 10 11 12 13 14 15 16 17 18 19 20 21 22 23 24 25 26 27 28 29 30 31 32 33 34 35 36 37 38 39 40 41 42 43 44 45 46 47 48 49 50 51 52 53 54 55 56 57 58 59 60 61 62 63
[run_on_queue] AFF_LABEL=aff
[run_on_queue] Params: -s 256 -n 1 -c 4 -l 10
[run_on_queue] Result dir: /home/parallel/parlab05/a2/kmeans/benchmarks/reduction/aff/S256_N1_C4_L10_T64

~~~~~~~~~~~~~~~~~~~~~~~~~~~~~~~~~~~~~~~~~~~~~~~~~~~~~~~~~~~~~~~~~~~~~~~~~~~~~~~~

dataset_size = 256.00 MB    numObjs = 33554432    numCoords = 1    numClusters = 4
Initial cluster centers:
clusters[0] =   0.00
clusters[1] =   2.22
clusters[2] =   4.43
clusters[3] =   6.66

OpenMP Kmeans - Reduction	(number of threads: 64)
	completed loop 1	completed loop 2	completed loop 3	completed loop 4	completed loop 5	completed loop 6	completed loop 7	completed loop 8	completed loop 9	completed loop 10
 nloops =  10 (total =  2.4755s) (per loop =  0.2475s)

Final cluster centers:
clusters[0] =   1.08 
clusters[1] =   3.34 
clusters[2] =   5.84 
clusters[3] =   8.58 
